{
  "RSpec": {
    "coverage": {
      "/Users/mikesilvis/Dropbox/Hungry-Academy/projects/sales_engine/lib/sales_engine/model.rb": [
        1,
        1,
        1,
        null,
        1,
        1,
        1,
        5,
        null,
        null,
        1,
        1,
        null,
        null,
        1,
        5,
        null,
        null,
        1,
        13489,
        13489,
        87122,
        null,
        null,
        null,
        null,
        1,
        87122,
        null,
        null,
        1,
        1,
        0,
        null,
        null,
        1,
        5,
        null,
        null,
        1,
        0,
        null,
        null,
        1,
        5,
        13494,
        null,
        null,
        1,
        0,
        null,
        null,
        1,
        0,
        null,
        null,
        1,
        0,
        0,
        0,
        0,
        0,
        0,
        0,
        null,
        0,
        null,
        null,
        null,
        null,
        null,
        null
      ],
      "/Users/mikesilvis/Dropbox/Hungry-Academy/projects/sales_engine/lib/sales_engine/ext.rb": [
        1,
        1,
        0,
        0,
        null,
        null,
        null,
        1,
        0,
        null,
        null,
        1,
        5,
        null,
        null,
        1,
        0,
        0,
        null,
        0,
        null,
        null,
        null,
        1,
        5,
        0,
        null,
        5,
        null,
        null,
        null
      ],
      "/Users/mikesilvis/Dropbox/Hungry-Academy/projects/sales_engine/lib/sales_engine/csv_db.rb": [
        1,
        null,
        1,
        1,
        null,
        1,
        null,
        1,
        1,
        null,
        null,
        1,
        5,
        null,
        null,
        1,
        null,
        1,
        1,
        null,
        1,
        null,
        6,
        6,
        null,
        null,
        0,
        null,
        null,
        6,
        null,
        null,
        null,
        null
      ],
      "/Users/mikesilvis/Dropbox/Hungry-Academy/projects/sales_engine/lib/sales_engine/customer.rb": [
        1,
        1,
        1,
        1,
        null,
        1,
        1,
        1,
        1,
        null,
        null,
        1,
        0,
        null,
        null,
        1,
        0,
        0,
        null,
        null,
        null,
        1,
        0,
        0,
        null,
        null,
        1,
        null,
        null,
        null,
        1,
        null,
        null,
        null,
        1,
        null,
        null,
        null,
        1,
        null,
        null,
        null,
        null,
        null,
        null,
        null
      ],
      "/Users/mikesilvis/Dropbox/Hungry-Academy/projects/sales_engine/lib/sales_engine/invoice.rb": [
        1,
        1,
        null,
        1,
        1,
        1,
        null,
        null,
        1,
        0,
        null,
        null,
        1,
        0,
        null,
        null,
        1,
        0,
        null,
        null,
        1,
        0,
        null,
        null,
        1,
        0,
        null,
        null,
        null,
        null,
        null
      ],
      "/Users/mikesilvis/Dropbox/Hungry-Academy/projects/sales_engine/lib/sales_engine/transaction.rb": [
        1,
        1,
        1,
        1,
        null,
        1,
        null,
        null,
        1,
        null,
        null,
        null,
        null,
        null
      ],
      "/Users/mikesilvis/Dropbox/Hungry-Academy/projects/sales_engine/lib/sales_engine/merchant.rb": [
        1,
        1,
        1,
        null,
        1,
        null,
        1,
        1,
        null,
        null,
        1,
        1,
        null,
        null,
        null,
        1,
        null,
        null,
        null,
        1,
        null,
        null,
        null,
        1,
        null,
        null,
        null,
        1,
        null,
        null,
        null,
        1,
        null,
        null,
        null,
        1,
        0,
        null,
        null,
        1,
        0,
        null,
        null,
        null,
        null,
        null
      ],
      "/Users/mikesilvis/Dropbox/Hungry-Academy/projects/sales_engine/lib/sales_engine/item.rb": [
        1,
        null,
        1,
        1,
        1,
        1,
        null,
        null,
        1,
        null,
        null,
        null,
        1,
        null,
        null,
        null,
        1,
        null,
        null,
        null,
        null,
        null,
        null
      ]
    },
    "timestamp": 1332367767
  }
}
