{
  "RSpec": {
    "coverage": {
      "/Users/mikesilvis/Dropbox/Hungry-Academy/projects/sales_engine/lib/sales_engine/model.rb": [
        1,
        1,
        1,
        null,
        1,
        1,
        1,
        6,
        null,
        null,
        1,
        1,
        null,
        null,
        1,
        6,
        null,
        null,
        1,
        35749,
        35749,
        242958,
        null,
        null,
        null,
        null,
        1,
        242958,
        null,
        null,
        1,
        1,
        0,
        null,
        null,
        1,
        6,
        null,
        null,
        1,
        61,
        null,
        null,
        1,
        6,
        35755,
        null,
        null,
        1,
        1001,
        null,
        null,
        1,
        272493,
        null,
        null,
        1,
        18,
        18,
        15,
        15,
        3,
        2,
        2,
        null,
        1,
        null,
        null,
        null,
        null,
        null,
        null
      ],
      "/Users/mikesilvis/Dropbox/Hungry-Academy/projects/sales_engine/lib/sales_engine/ext.rb": [
        1,
        1,
        1,
        2,
        null,
        null,
        null,
        1,
        3,
        null,
        null,
        1,
        7,
        null,
        null,
        1,
        1,
        0,
        null,
        1,
        null,
        null,
        null,
        1,
        7,
        0,
        null,
        7,
        null,
        null,
        null
      ],
      "/Users/mikesilvis/Dropbox/Hungry-Academy/projects/sales_engine/lib/sales_engine/csv_db.rb": [
        1,
        null,
        1,
        1,
        null,
        1,
        null,
        1,
        3,
        null,
        null,
        1,
        12,
        null,
        null,
        1,
        null,
        1,
        3,
        null,
        3,
        null,
        13,
        12,
        null,
        null,
        1,
        null,
        null,
        12,
        null,
        null,
        null,
        null
      ],
      "/Users/mikesilvis/Dropbox/Hungry-Academy/projects/sales_engine/lib/sales_engine/customer.rb": [
        1,
        1,
        1,
        1,
        null,
        1,
        1,
        1,
        1,
        null,
        null,
        1,
        3,
        null,
        null,
        1,
        1,
        8,
        null,
        null,
        null,
        1,
        10,
        9,
        null,
        null,
        1,
        null,
        null,
        null,
        1,
        null,
        null,
        null,
        1,
        null,
        null,
        null,
        1,
        null,
        null,
        null,
        null,
        null,
        null,
        null
      ],
      "/Users/mikesilvis/Dropbox/Hungry-Academy/projects/sales_engine/lib/sales_engine/invoice.rb": [
        1,
        1,
        null,
        1,
        1,
        1,
        null,
        null,
        1,
        18,
        null,
        null,
        1,
        2,
        null,
        null,
        1,
        9,
        null,
        null,
        1,
        0,
        null,
        null,
        1,
        1,
        null,
        null,
        null,
        null,
        null
      ],
      "/Users/mikesilvis/Dropbox/Hungry-Academy/projects/sales_engine/lib/sales_engine/transaction.rb": [
        1,
        1,
        1,
        1,
        null,
        1,
        null,
        null,
        1,
        null,
        null,
        null,
        null,
        null
      ],
      "/Users/mikesilvis/Dropbox/Hungry-Academy/projects/sales_engine/lib/sales_engine/merchant.rb": [
        1,
        1,
        1,
        null,
        1,
        null,
        1,
        1,
        null,
        null,
        1,
        1,
        null,
        null,
        null,
        1,
        null,
        null,
        null,
        1,
        null,
        null,
        null,
        1,
        null,
        null,
        null,
        1,
        null,
        null,
        null,
        1,
        null,
        null,
        null,
        1,
        1,
        null,
        null,
        1,
        1,
        null,
        null,
        null,
        null,
        null
      ],
      "/Users/mikesilvis/Dropbox/Hungry-Academy/projects/sales_engine/lib/sales_engine/item.rb": [
        1,
        null,
        1,
        1,
        1,
        1,
        null,
        null,
        1,
        null,
        null,
        null,
        1,
        null,
        null,
        null,
        1,
        null,
        null,
        null,
        1,
        1,
        null,
        null,
        1,
        1,
        null,
        null,
        null,
        null,
        null
      ],
      "/Users/mikesilvis/Dropbox/Hungry-Academy/projects/sales_engine/lib/sales_engine/invoice_item.rb": [
        1,
        null,
        1,
        1,
        1,
        1,
        null,
        null,
        null,
        1,
        1,
        null,
        null,
        1,
        5,
        null,
        null,
        null,
        null,
        null,
        null
      ],
      "/Users/mikesilvis/Dropbox/Hungry-Academy/projects/sales_engine/lib/sales_engine.rb": [
        1,
        null,
        1,
        1,
        null,
        null,
        null,
        null,
        null,
        null,
        null,
        1,
        1,
        1,
        1,
        1,
        1,
        1,
        null,
        null,
        null
      ]
    },
    "timestamp": 1332425489
  }
}
